<?xml version="1.0" encoding="UTF-8"?>
<!-- Generated by org.testng.reporters.JUnitReportReporter -->
<testsuite skipped="0" hostname="AMBIN03715" name="wallethub.tests.HomePageTests" tests="1" failures="0" timestamp="2021-05-23T16:11:51 IST" time="12.435" errors="0">
  <testcase name="loginTest" time="12.435" classname="wallethub.tests.HomePageTests"/>
  <system-out/>
</testsuite> <!-- wallethub.tests.HomePageTests -->
